06-Feb-2019 10:43:49.441 INFO [main] sun.reflect.NativeMethodAccessorImpl.invoke Server version:        Apache Tomcat (TomEE)/8.5.6 (7.0.2)
06-Feb-2019 10:43:49.442 INFO [main] sun.reflect.NativeMethodAccessorImpl.invoke Server built:          Oct 6 2016 20:15:31 UTC
06-Feb-2019 10:43:49.442 INFO [main] sun.reflect.NativeMethodAccessorImpl.invoke Server number:         8.5.6.0
06-Feb-2019 10:43:49.443 INFO [main] sun.reflect.NativeMethodAccessorImpl.invoke OS Name:               Windows 7
06-Feb-2019 10:43:49.443 INFO [main] sun.reflect.NativeMethodAccessorImpl.invoke OS Version:            6.1
06-Feb-2019 10:43:49.443 INFO [main] sun.reflect.NativeMethodAccessorImpl.invoke Architecture:          amd64
06-Feb-2019 10:43:49.443 INFO [main] sun.reflect.NativeMethodAccessorImpl.invoke Java Home:             C:\Program Files\Java\jdk1.8.0_144\jre
06-Feb-2019 10:43:49.443 INFO [main] sun.reflect.NativeMethodAccessorImpl.invoke JVM Version:           1.8.0_144-b01
06-Feb-2019 10:43:49.444 INFO [main] sun.reflect.NativeMethodAccessorImpl.invoke JVM Vendor:            Oracle Corporation
06-Feb-2019 10:43:49.444 INFO [main] sun.reflect.NativeMethodAccessorImpl.invoke CATALINA_BASE:         C:\Users\Tomas\Desktop\apache-tomee-webprofile-7.0.2
06-Feb-2019 10:43:49.444 INFO [main] sun.reflect.NativeMethodAccessorImpl.invoke CATALINA_HOME:         C:\Users\Tomas\Desktop\apache-tomee-webprofile-7.0.2
06-Feb-2019 10:43:49.444 INFO [main] sun.reflect.NativeMethodAccessorImpl.invoke Command line argument: -javaagent:C:\Users\Tomas\Desktop\apache-tomee-webprofile-7.0.2\lib\openejb-javaagent.jar
06-Feb-2019 10:43:49.445 INFO [main] sun.reflect.NativeMethodAccessorImpl.invoke Command line argument: -Djdk.tls.ephemeralDHKeySize=2048
06-Feb-2019 10:43:49.445 INFO [main] sun.reflect.NativeMethodAccessorImpl.invoke Command line argument: -Djava.protocol.handler.pkgs=org.apache.catalina.webresources
06-Feb-2019 10:43:49.445 INFO [main] sun.reflect.NativeMethodAccessorImpl.invoke Command line argument: -Djava.util.logging.config.file=C:\Users\Tomas\Desktop\apache-tomee-webprofile-7.0.2\conf\logging.properties
06-Feb-2019 10:43:49.446 INFO [main] sun.reflect.NativeMethodAccessorImpl.invoke Command line argument: -Djava.util.logging.manager=org.apache.juli.ClassLoaderLogManager
06-Feb-2019 10:43:49.446 INFO [main] sun.reflect.DelegatingMethodAccessorImpl.invoke Command line argument: -Dcatalina.base=C:\Users\Tomas\Desktop\apache-tomee-webprofile-7.0.2
06-Feb-2019 10:43:49.446 INFO [main] sun.reflect.DelegatingMethodAccessorImpl.invoke Command line argument: -Dcatalina.home=C:\Users\Tomas\Desktop\apache-tomee-webprofile-7.0.2
06-Feb-2019 10:43:49.446 INFO [main] sun.reflect.DelegatingMethodAccessorImpl.invoke Command line argument: -Djava.io.tmpdir=C:\Users\Tomas\Desktop\apache-tomee-webprofile-7.0.2\temp
06-Feb-2019 10:43:49.447 INFO [main] sun.reflect.DelegatingMethodAccessorImpl.invoke The APR based Apache Tomcat Native library which allows optimal performance in production environments was not found on the java.library.path: C:\Program Files\Java\jdk1.8.0_144\bin;C:\Windows\Sun\Java\bin;C:\Windows\system32;C:\Windows;C:\Program Files (x86)\Razer Chroma SDK\bin;C:\Program Files\Razer Chroma SDK\bin;C:\Program Files (x86)\Google\Chrome\Application;C:\ProgramData\Oracle\Java\javapath;C:\Windows\system32;C:\Windows;C:\Windows\System32\Wbem;C:\Windows\System32\WindowsPowerShell\v1.0\;C:\Program Files (x86)\Intel\OpenCL SDK\2.0\bin\x86;C:\Program Files (x86)\Intel\OpenCL SDK\2.0\bin\x64;C:\Program Files (x86)\NVIDIA Corporation\PhysX\Common;C:\Program Files (x86)\Skype\Phone\;C:\Users\Tomas\AppData\Local\GitHubDesktop\bin;C:\Users\Tomas\apache-ant-1.10.1\bin;C:\Program Files\Microsoft SQL Server\130\Tools\Binn\;C:\Program Files\dotnet\;C:\Program Files\MiKTeX 2.9\miktex\bin\x64\;C:\Users\Tomas\AppData\Local\GitHubDesktop\bin;C:\Users\Tomas\AppData\Local\atom\bin;.
06-Feb-2019 10:43:53.209 INFO [main] sun.reflect.DelegatingMethodAccessorImpl.invoke Initializing ProtocolHandler ["http-nio-8080"]
06-Feb-2019 10:43:53.409 INFO [main] sun.reflect.DelegatingMethodAccessorImpl.invoke Using a shared selector for servlet write/read
06-Feb-2019 10:43:53.419 INFO [main] sun.reflect.DelegatingMethodAccessorImpl.invoke Initializing ProtocolHandler ["ajp-nio-8009"]
06-Feb-2019 10:43:53.419 INFO [main] sun.reflect.DelegatingMethodAccessorImpl.invoke Using a shared selector for servlet write/read
06-Feb-2019 10:43:55.242 INFO [main] org.apache.openejb.util.OptionsLog.info Using 'openejb.jdbc.datasource-creator=org.apache.tomee.jdbc.TomEEDataSourceCreator'
06-Feb-2019 10:43:55.378 INFO [main] org.apache.openejb.OpenEJB$Instance.<init> ********************************************************************************
06-Feb-2019 10:43:55.379 INFO [main] org.apache.openejb.OpenEJB$Instance.<init> OpenEJB http://tomee.apache.org/
06-Feb-2019 10:43:55.379 INFO [main] org.apache.openejb.OpenEJB$Instance.<init> Startup: Wed Feb 06 10:43:55 EET 2019
06-Feb-2019 10:43:55.379 INFO [main] org.apache.openejb.OpenEJB$Instance.<init> Copyright 1999-2016 (C) Apache OpenEJB Project, All Rights Reserved.
06-Feb-2019 10:43:55.379 INFO [main] org.apache.openejb.OpenEJB$Instance.<init> Version: 7.0.2
06-Feb-2019 10:43:55.379 INFO [main] org.apache.openejb.OpenEJB$Instance.<init> Build date: 20161106
06-Feb-2019 10:43:55.379 INFO [main] org.apache.openejb.OpenEJB$Instance.<init> Build time: 07:23
06-Feb-2019 10:43:55.379 INFO [main] org.apache.openejb.OpenEJB$Instance.<init> ********************************************************************************
06-Feb-2019 10:43:55.380 INFO [main] org.apache.openejb.OpenEJB$Instance.<init> openejb.home = C:\Users\Tomas\Desktop\apache-tomee-webprofile-7.0.2
06-Feb-2019 10:43:55.380 INFO [main] org.apache.openejb.OpenEJB$Instance.<init> openejb.base = C:\Users\Tomas\Desktop\apache-tomee-webprofile-7.0.2
06-Feb-2019 10:43:55.381 INFO [main] org.apache.openejb.cdi.CdiBuilder.initializeOWB Created new singletonService org.apache.openejb.cdi.ThreadSingletonServiceImpl@37e547da
06-Feb-2019 10:43:55.382 INFO [main] org.apache.openejb.cdi.CdiBuilder.initializeOWB Succeeded in installing singleton service
06-Feb-2019 10:43:55.431 INFO [main] org.apache.openejb.config.ConfigurationFactory.init TomEE configuration file is 'C:\Users\Tomas\Desktop\apache-tomee-webprofile-7.0.2\conf\tomee.xml'
06-Feb-2019 10:43:55.494 INFO [main] org.apache.openejb.config.ConfigurationFactory.configureService Configuring Service(id=Tomcat Security Service, type=SecurityService, provider-id=Tomcat Security Service)
06-Feb-2019 10:43:55.494 INFO [main] org.apache.openejb.config.ConfigurationFactory.configureService Configuring Service(id=Default Transaction Manager, type=TransactionManager, provider-id=Default Transaction Manager)
06-Feb-2019 10:43:55.504 INFO [main] org.apache.openejb.util.OptionsLog.info Using 'openejb.deployments.classpath=false'
06-Feb-2019 10:43:55.504 INFO [main] org.apache.openejb.assembler.classic.Assembler.createRecipe Creating TransactionManager(id=Default Transaction Manager)
06-Feb-2019 10:43:55.584 INFO [main] org.apache.openejb.assembler.classic.Assembler.createRecipe Creating SecurityService(id=Tomcat Security Service)
06-Feb-2019 10:43:55.676 INFO [main] org.apache.openejb.server.ServiceManager.initServer Creating ServerService(id=cxf-rs)
06-Feb-2019 10:43:56.055 INFO [main] org.apache.openejb.server.SimpleServiceManager.start   ** Bound Services **
06-Feb-2019 10:43:56.055 INFO [main] org.apache.openejb.server.SimpleServiceManager.printRow   NAME                 IP              PORT  
06-Feb-2019 10:43:56.055 INFO [main] org.apache.openejb.server.SimpleServiceManager.start -------
06-Feb-2019 10:43:56.055 INFO [main] org.apache.openejb.server.SimpleServiceManager.start Ready!
06-Feb-2019 10:43:56.055 INFO [main] sun.reflect.DelegatingMethodAccessorImpl.invoke Initialization processed in 7414 ms
06-Feb-2019 10:43:56.115 INFO [main] org.apache.tomee.catalina.OpenEJBNamingContextListener.bindResource Importing a Tomcat Resource with id 'UserDatabase' of type 'org.apache.catalina.UserDatabase'.
06-Feb-2019 10:43:56.115 INFO [main] org.apache.openejb.assembler.classic.Assembler.createRecipe Creating Resource(id=UserDatabase)
06-Feb-2019 10:43:56.122 INFO [main] sun.reflect.DelegatingMethodAccessorImpl.invoke Starting service Catalina
06-Feb-2019 10:43:56.122 INFO [main] sun.reflect.DelegatingMethodAccessorImpl.invoke Starting Servlet Engine: Apache Tomcat (TomEE)/8.5.6 (7.0.2)
06-Feb-2019 10:43:56.154 INFO [localhost-startStop-1] sun.reflect.DelegatingMethodAccessorImpl.invoke Deploying web application directory C:\Users\Tomas\Desktop\apache-tomee-webprofile-7.0.2\webapps\docs
06-Feb-2019 10:43:56.170 INFO [localhost-startStop-1] org.apache.tomee.catalina.TomcatWebAppBuilder.init ------------------------- localhost -> /docs
06-Feb-2019 10:43:56.382 INFO [localhost-startStop-1] org.apache.openejb.config.ConfigurationFactory.configureApplication Configuring enterprise application: C:\Users\Tomas\Desktop\apache-tomee-webprofile-7.0.2\webapps\docs
06-Feb-2019 10:43:56.452 INFO [localhost-startStop-1] org.apache.openejb.config.AppInfoBuilder.build Enterprise application "C:\Users\Tomas\Desktop\apache-tomee-webprofile-7.0.2\webapps\docs" loaded.
06-Feb-2019 10:43:56.462 INFO [localhost-startStop-1] org.apache.openejb.assembler.classic.Assembler.createApplication Assembling app: C:\Users\Tomas\Desktop\apache-tomee-webprofile-7.0.2\webapps\docs
06-Feb-2019 10:43:56.642 INFO [localhost-startStop-1] org.apache.openejb.assembler.classic.Assembler.createApplication Deployed Application(path=C:\Users\Tomas\Desktop\apache-tomee-webprofile-7.0.2\webapps\docs)
06-Feb-2019 10:43:57.058 INFO [localhost-startStop-1] sun.reflect.DelegatingMethodAccessorImpl.invoke Deployment of web application directory C:\Users\Tomas\Desktop\apache-tomee-webprofile-7.0.2\webapps\docs has finished in 903 ms
06-Feb-2019 10:43:57.058 INFO [localhost-startStop-1] sun.reflect.DelegatingMethodAccessorImpl.invoke Deploying web application directory C:\Users\Tomas\Desktop\apache-tomee-webprofile-7.0.2\webapps\host-manager
06-Feb-2019 10:43:57.062 INFO [localhost-startStop-1] org.apache.tomee.catalina.TomcatWebAppBuilder.init ------------------------- localhost -> /host-manager
06-Feb-2019 10:43:57.134 INFO [localhost-startStop-1] org.apache.openejb.config.ConfigurationFactory.configureApplication Configuring enterprise application: C:\Users\Tomas\Desktop\apache-tomee-webprofile-7.0.2\webapps\host-manager
06-Feb-2019 10:43:57.143 INFO [localhost-startStop-1] org.apache.openejb.config.AppInfoBuilder.build Enterprise application "C:\Users\Tomas\Desktop\apache-tomee-webprofile-7.0.2\webapps\host-manager" loaded.
06-Feb-2019 10:43:57.144 INFO [localhost-startStop-1] org.apache.openejb.assembler.classic.Assembler.createApplication Assembling app: C:\Users\Tomas\Desktop\apache-tomee-webprofile-7.0.2\webapps\host-manager
06-Feb-2019 10:43:57.155 INFO [localhost-startStop-1] org.apache.tomee.catalina.TomcatWebAppBuilder.deployWebApps using context file C:\Users\Tomas\Desktop\apache-tomee-webprofile-7.0.2\webapps\host-manager\META-INF\context.xml
06-Feb-2019 10:43:57.155 INFO [localhost-startStop-1] org.apache.openejb.assembler.classic.Assembler.createApplication Deployed Application(path=C:\Users\Tomas\Desktop\apache-tomee-webprofile-7.0.2\webapps\host-manager)
06-Feb-2019 10:43:57.258 INFO [localhost-startStop-1] sun.reflect.DelegatingMethodAccessorImpl.invoke Deployment of web application directory C:\Users\Tomas\Desktop\apache-tomee-webprofile-7.0.2\webapps\host-manager has finished in 200 ms
06-Feb-2019 10:43:57.258 INFO [localhost-startStop-1] sun.reflect.DelegatingMethodAccessorImpl.invoke Deploying web application directory C:\Users\Tomas\Desktop\apache-tomee-webprofile-7.0.2\webapps\manager
06-Feb-2019 10:43:57.258 INFO [localhost-startStop-1] org.apache.tomee.catalina.TomcatWebAppBuilder.init ------------------------- localhost -> /manager
06-Feb-2019 10:43:57.305 INFO [localhost-startStop-1] org.apache.openejb.config.ConfigurationFactory.configureApplication Configuring enterprise application: C:\Users\Tomas\Desktop\apache-tomee-webprofile-7.0.2\webapps\manager
06-Feb-2019 10:43:57.319 INFO [localhost-startStop-1] org.apache.openejb.config.AppInfoBuilder.build Enterprise application "C:\Users\Tomas\Desktop\apache-tomee-webprofile-7.0.2\webapps\manager" loaded.
06-Feb-2019 10:43:57.319 INFO [localhost-startStop-1] org.apache.openejb.assembler.classic.Assembler.createApplication Assembling app: C:\Users\Tomas\Desktop\apache-tomee-webprofile-7.0.2\webapps\manager
06-Feb-2019 10:43:57.355 INFO [localhost-startStop-1] org.apache.tomee.catalina.TomcatWebAppBuilder.deployWebApps using context file C:\Users\Tomas\Desktop\apache-tomee-webprofile-7.0.2\webapps\manager\META-INF\context.xml
06-Feb-2019 10:43:57.355 INFO [localhost-startStop-1] org.apache.openejb.assembler.classic.Assembler.createApplication Deployed Application(path=C:\Users\Tomas\Desktop\apache-tomee-webprofile-7.0.2\webapps\manager)
06-Feb-2019 10:43:57.440 INFO [localhost-startStop-1] sun.reflect.DelegatingMethodAccessorImpl.invoke Deployment of web application directory C:\Users\Tomas\Desktop\apache-tomee-webprofile-7.0.2\webapps\manager has finished in 182 ms
06-Feb-2019 10:43:57.440 INFO [localhost-startStop-1] sun.reflect.DelegatingMethodAccessorImpl.invoke Deploying web application directory C:\Users\Tomas\Desktop\apache-tomee-webprofile-7.0.2\webapps\ROOT
06-Feb-2019 10:43:57.440 INFO [localhost-startStop-1] org.apache.tomee.catalina.TomcatWebAppBuilder.init ------------------------- localhost -> /
06-Feb-2019 10:43:57.470 INFO [localhost-startStop-1] org.apache.openejb.config.ConfigurationFactory.configureApplication Configuring enterprise application: C:\Users\Tomas\Desktop\apache-tomee-webprofile-7.0.2\webapps\ROOT
06-Feb-2019 10:43:57.480 INFO [localhost-startStop-1] org.apache.openejb.config.AppInfoBuilder.build Enterprise application "C:\Users\Tomas\Desktop\apache-tomee-webprofile-7.0.2\webapps\ROOT" loaded.
06-Feb-2019 10:43:57.480 INFO [localhost-startStop-1] org.apache.openejb.assembler.classic.Assembler.createApplication Assembling app: C:\Users\Tomas\Desktop\apache-tomee-webprofile-7.0.2\webapps\ROOT
06-Feb-2019 10:43:57.490 INFO [localhost-startStop-1] org.apache.openejb.assembler.classic.Assembler.createApplication Deployed Application(path=C:\Users\Tomas\Desktop\apache-tomee-webprofile-7.0.2\webapps\ROOT)
06-Feb-2019 10:43:57.562 INFO [localhost-startStop-1] sun.reflect.DelegatingMethodAccessorImpl.invoke Deployment of web application directory C:\Users\Tomas\Desktop\apache-tomee-webprofile-7.0.2\webapps\ROOT has finished in 122 ms
06-Feb-2019 10:43:57.572 INFO [main] sun.reflect.DelegatingMethodAccessorImpl.invoke Starting ProtocolHandler [http-nio-8080]
06-Feb-2019 10:43:57.582 INFO [main] sun.reflect.DelegatingMethodAccessorImpl.invoke Starting ProtocolHandler [ajp-nio-8009]
06-Feb-2019 10:43:57.582 INFO [main] sun.reflect.DelegatingMethodAccessorImpl.invoke Server startup in 1528 ms
